Command line:
   Button_Led_isim_beh.exe
     -simmode  gui
     -simrunnum  0
     -socket  55633

Sun Oct 04 13:00:44 2020


 Elaboration Time: 0.03125 sec

 Current Memory Usage: 4688.85 Meg

 Total Signals          : 8
 Total Nets             : 8
 Total Signal Drivers   : 4
 Total Blocks           : 2
 Total Primitive Blocks : 2
 Total Processes        : 4
 Total Traceable Variables  : 8
 Total Scalar Nets and Variables : 368
Total Line Count : 4

 Total Simulation Time: 0.0625 sec

 Current Memory Usage: 4688.85 Meg

Sun Oct 04 13:01:08 2020

