--------------------------------------------------------------------------------
Release 14.7 Trace  (nt64)
Copyright (c) 1995-2013 Xilinx, Inc.  All rights reserved.

D:\Work\Instruments\Xilinx\14.7\ISE_DS\ISE\bin\nt64\unwrapped\trce.exe
-intstyle ise -v 3 -s 3 -n 3 -fastpaths -xml Lab2_sum.twx Lab2_sum.ncd -o
Lab2_sum.twr Lab2_sum.pcf

Design file:              Lab2_sum.ncd
Physical constraint file: Lab2_sum.pcf
Device,package,speed:     xc7a100t,csg324,C,-3 (PRODUCTION 1.10 2013-10-13)
Report level:             verbose report

Environment Variable      Effect 
--------------------      ------ 
NONE                      No environment variables were set
--------------------------------------------------------------------------------

INFO:Timing:2698 - No timing constraints found, doing default enumeration.
INFO:Timing:3412 - To improve timing, see the Timing Closure User Guide (UG612).
INFO:Timing:2752 - To get complete path coverage, use the unconstrained paths 
   option. All paths that are not constrained will be reported in the 
   unconstrained paths section(s) of the report.
INFO:Timing:3339 - The clock-to-out numbers in this timing report are based on 
   a 50 Ohm transmission line loading model.  For the details of this model, 
   and for more information on accounting for different loading conditions, 
   please see the device datasheet.



Data Sheet report:
-----------------
All values displayed in nanoseconds (ns)

Pad to Pad
---------------+---------------+---------+
Source Pad     |Destination Pad|  Delay  |
---------------+---------------+---------+
A              |P1             |    5.439|
A              |S              |    5.607|
A              |S1             |    5.331|
A1             |P1             |    5.284|
A1             |S1             |    5.183|
B              |P1             |    5.494|
B              |S              |    5.268|
B              |S1             |    5.387|
B1             |P1             |    5.515|
B1             |S1             |    5.416|
P0             |P1             |    5.734|
P0             |S              |    5.498|
P0             |S1             |    5.642|
---------------+---------------+---------+


Analysis completed Wed Nov 04 15:01:15 2020 
--------------------------------------------------------------------------------

Trace Settings:
-------------------------
Trace Settings 

Peak Memory Usage: 4997 MB



